
[INFO] 19:37:15 Import folder exist
[INFO] 19:37:15 Export folder exist
[INFO] 19:37:15 Creation of playerSoundSets...
[INFO] 19:37:15 Creation of playerSoundSets done
[INFO] 19:37:15 Creation of positionSoundShader...
[INFO] 19:37:15 Creation of positionSoundSet...
[INFO] 19:37:15 Creation of profile file...
[INFO] 19:37:15 Creation of profile file done
[INFO] 19:38:42 Import folder exist
[INFO] 19:38:42 Export folder exist
[ERROR] 19:38:42 Export/playerSoundSets.cpp already exist!
[ERROR] 19:38:42 Export/positionSoundShader.cpp already exist!
[ERROR] 19:38:42 Export/positionSoundSet.cpp already exist!
[ERROR] 19:38:42 Export/profil.json already exist!
[INFO] 19:38:50 Import folder exist
[INFO] 19:38:50 Export folder exist
[INFO] 19:38:50 Creation of playerSoundSets...
[INFO] 19:38:50 Creation of playerSoundSets done
[INFO] 19:38:50 Creation of positionSoundShader...
[INFO] 19:38:50 Creation of positionSoundSet...
[INFO] 19:38:50 Creation of profile file...
[INFO] 19:38:50 Creation of profile file done
[INFO] 19:39:22 Import folder exist
[INFO] 19:39:22 Export folder exist
[INFO] 19:39:22 Creation of playerSoundSets...
[INFO] 19:39:22 Creation of playerSoundSets done
[INFO] 19:39:22 Creation of positionSoundShader...
[INFO] 19:39:22 Creation of positionSoundShader done
[INFO] 19:39:22 Creation of positionSoundSet...
[INFO] 19:39:22 Creation of positionSoundSet done
[INFO] 19:39:22 Creation of profile file...
[INFO] 19:39:22 Creation of profile file done
[INFO] 19:41:39 Import folder exist
[INFO] 19:41:39 Export folder exist
[INFO] 19:41:39 Creation of playerSoundSets...
[INFO] 19:41:39 Creation of playerSoundSets done
[INFO] 19:41:39 Creation of positionSoundShader...
[INFO] 19:41:39 Creation of positionSoundShader done
[INFO] 19:41:39 Creation of positionSoundSet...
[INFO] 19:41:39 Creation of positionSoundSet done
[INFO] 19:41:39 Creation of profile file...
[INFO] 19:41:39 Creation of profile file done
[INFO] 19:42:29 Import folder exist
[INFO] 19:42:29 Export folder exist
[INFO] 19:42:29 Creation of playerSoundSets...
[INFO] 19:42:29 Creation of playerSoundSets done
[INFO] 19:42:29 Creation of positionSoundShader...
[INFO] 19:42:29 Creation of positionSoundShader done
[INFO] 19:42:29 Creation of positionSoundSet...
[INFO] 19:42:29 Creation of positionSoundSet done
[INFO] 19:42:29 Creation of profile file...
[INFO] 19:42:29 Creation of profile file done
[INFO] 19:45:28 Import folder exist
[INFO] 19:45:28 Export folder exist
[INFO] 19:45:28 Creation of playerSoundSets...
[INFO] 19:45:28 Creation of playerSoundSets done
[INFO] 19:45:28 Creation of positionSoundShader...
[INFO] 19:45:29 Creation of positionSoundShader done
[INFO] 19:45:29 Creation of positionSoundSet...
[INFO] 19:45:29 Creation of positionSoundSet done
[INFO] 19:45:29 Creation of profile file...
[INFO] 19:45:29 Creation of profile file done
[INFO] 19:46:40 Import folder exist
[INFO] 19:46:40 Export folder exist
[ERROR] 19:46:40 Export/playerSoundSets.cpp already exist!
[ERROR] 19:46:40 Export/positionSoundShader.cpp already exist!
[ERROR] 19:46:40 Export/positionSoundSet.cpp already exist!
[ERROR] 19:46:40 Export/profil.json already exist!
[INFO] 19:46:46 Import folder exist
[INFO] 19:46:46 Export folder exist
[INFO] 19:46:46 Creation of playerSoundSets...
[INFO] 19:46:47 Creation of playerSoundSets done
[INFO] 19:46:47 Creation of positionSoundShader...
[INFO] 19:46:47 Creation of positionSoundShader done
[INFO] 19:46:47 Creation of positionSoundSet...
[INFO] 19:46:47 Creation of positionSoundSet done
[INFO] 19:46:47 Creation of profile file...
[INFO] 19:46:47 Creation of profile file done